<?xml version="1.0" encoding="UTF-8"?>
<testng-results skipped="0" failed="0" ignored="0" total="1" passed="1">
  <reporter-output>
  </reporter-output>
  <suite name="Default suite" duration-ms="27551" started-at="2020-06-02T11:54:44 IST" finished-at="2020-06-02T11:55:12 IST">
    <groups>
    </groups>
    <test name="Default test" duration-ms="27551" started-at="2020-06-02T11:54:44 IST" finished-at="2020-06-02T11:55:12 IST">
      <class name="demo.Scenario">
        <test-method status="PASS" signature="beforeTest()[pri:0, instance:demo.Scenario@614ddd49]" name="beforeTest" is-config="true" duration-ms="13100" started-at="2020-06-02T11:54:44 IST" finished-at="2020-06-02T11:54:58 IST">
          <reporter-output>
          </reporter-output>
        </test-method> <!-- beforeTest -->
        <test-method status="PASS" signature="order_details()[pri:0, instance:demo.Scenario@614ddd49]" name="order_details" duration-ms="8654" started-at="2020-06-02T11:54:58 IST" finished-at="2020-06-02T11:55:06 IST">
          <reporter-output>
          </reporter-output>
        </test-method> <!-- order_details -->
        <test-method status="PASS" signature="getResult(org.testng.ITestResult)[pri:0, instance:demo.Scenario@614ddd49]" name="getResult" is-config="true" duration-ms="4" started-at="2020-06-02T11:55:06 IST" finished-at="2020-06-02T11:55:06 IST">
          <params>
            <param index="0">
              <value>
                <![CDATA[[TestResult name=order_details status=SUCCESS method=Scenario.order_details()[pri:0, instance:demo.Scenario@614ddd49] output={null}]]]>
              </value>
            </param>
          </params>
          <reporter-output>
          </reporter-output>
        </test-method> <!-- getResult -->
        <test-method status="PASS" signature="afterTest()[pri:0, instance:demo.Scenario@614ddd49]" name="afterTest" is-config="true" duration-ms="5667" started-at="2020-06-02T11:55:06 IST" finished-at="2020-06-02T11:55:12 IST">
          <reporter-output>
          </reporter-output>
        </test-method> <!-- afterTest -->
      </class> <!-- demo.Scenario -->
    </test> <!-- Default test -->
  </suite> <!-- Default suite -->
</testng-results>
